Unity Editor version:    2021.2.11f1 (e50cafbb4399)
Branch:                  2021.2/staging
Build type:              Release
Batch mode:              YES
macOS version:           Version 12.2.1 (Build 21D62)
Darwin version:          21.3.0
Architecture:            arm64
Running under Rosetta:   NO
Available memory:        32768 MB
Using pre-set license
Pro License: NO

COMMAND LINE ARGUMENTS:
/Applications/Unity/Hub/Editor/2021.2.11f1/Unity.app/Contents/MacOS/Unity
-adb2
-batchMode
-noUpm
-name
AssetImportWorker0
-projectPath
/Users/fzcomet/Documents/GitHub/Spherical-World-Generation
-logFile
Logs/AssetImportWorker0.log
-srvPort
50029
Successfully changed project path to: /Users/fzcomet/Documents/GitHub/Spherical-World-Generation
/Users/fzcomet/Documents/GitHub/Spherical-World-Generation
[UnityMemory] Configuration Parameters - Can be set up in boot.config
    "memorysetup-bucket-allocator-granularity=16"
    "memorysetup-bucket-allocator-bucket-count=8"
    "memorysetup-bucket-allocator-block-size=33554432"
    "memorysetup-bucket-allocator-block-count=8"
    "memorysetup-main-allocator-block-size=16777216"
    "memorysetup-thread-allocator-block-size=16777216"
    "memorysetup-gfx-main-allocator-block-size=16777216"
    "memorysetup-gfx-thread-allocator-block-size=16777216"
    "memorysetup-cache-allocator-block-size=4194304"
    "memorysetup-typetree-allocator-block-size=2097152"
    "memorysetup-profiler-bucket-allocator-granularity=16"
    "memorysetup-profiler-bucket-allocator-bucket-count=8"
    "memorysetup-profiler-bucket-allocator-block-size=33554432"
    "memorysetup-profiler-bucket-allocator-block-count=8"
    "memorysetup-profiler-allocator-block-size=16777216"
    "memorysetup-profiler-editor-allocator-block-size=1048576"
    "memorysetup-temp-allocator-size-main=16777216"
    "memorysetup-job-temp-allocator-block-size=2097152"
    "memorysetup-job-temp-allocator-block-size-background=1048576"
    "memorysetup-job-temp-allocator-reduction-small-platforms=262144"
    "memorysetup-temp-allocator-size-background-worker=32768"
    "memorysetup-temp-allocator-size-job-worker=262144"
    "memorysetup-temp-allocator-size-preload-manager=33554432"
    "memorysetup-temp-allocator-size-nav-mesh-worker=65536"
    "memorysetup-temp-allocator-size-audio-worker=65536"
    "memorysetup-temp-allocator-size-cloud-worker=32768"
    "memorysetup-temp-allocator-size-gi-baking-worker=262144"
    "memorysetup-temp-allocator-size-gfx=262144"
Refreshing native plugins compatible for Editor in 33.61 ms, found 1 plugins.
Preloading 0 native plugins for Editor in 0.00 ms.
Initialize engine version: 2021.2.11f1 (e50cafbb4399)
[Subsystems] Discovering subsystems at path /Applications/Unity/Hub/Editor/2021.2.11f1/Unity.app/Contents/Resources/UnitySubsystems
[Subsystems] Discovering subsystems at path /Users/fzcomet/Documents/GitHub/Spherical-World-Generation/Assets
GfxDevice: creating device client; threaded=0; jobified=0
 preferred device: Apple M1 Max (high power)
Metal devices available: 1
0: Apple M1 Max (high power)
Using device Apple M1 Max (high power)
Initializing Metal device caps: Apple M1 Max
Initialize mono
Mono path[0] = '/Applications/Unity/Hub/Editor/2021.2.11f1/Unity.app/Contents/Managed'
Mono path[1] = '/Applications/Unity/Hub/Editor/2021.2.11f1/Unity.app/Contents/MonoBleedingEdge/lib/mono/unityjit-macos'
Mono config path = '/Applications/Unity/Hub/Editor/2021.2.11f1/Unity.app/Contents/MonoBleedingEdge/etc'
Using monoOptions --debugger-agent=transport=dt_socket,embedding=1,server=y,suspend=n,address=127.0.0.1:56463
Begin MonoManager ReloadAssembly
Registering precompiled unity dll's ...
Register platform support module: /Applications/Unity/Hub/Editor/2021.2.11f1/Unity.app/Contents/PlaybackEngines/MacStandaloneSupport/UnityEditor.OSXStandalone.Extensions.dll
Register platform support module: /Applications/Unity/Hub/Editor/2021.2.11f1/PlaybackEngines/WindowsStandaloneSupport/UnityEditor.WindowsStandalone.Extensions.dll
Registered in 0.000579 seconds.
Native extension for WindowsStandalone target not found
Native extension for OSXStandalone target not found
Refreshing native plugins compatible for Editor in 35.84 ms, found 1 plugins.
Preloading 0 native plugins for Editor in 0.00 ms.
Mono: successfully reloaded assembly
- Completed reload, in  0.320 seconds
Domain Reload Profiling:
	ReloadAssembly (320ms)
		BeginReloadAssembly (24ms)
			ExecutionOrderSort (0ms)
			DisableScriptedObjects (0ms)
			BackupInstance (0ms)
			ReleaseScriptingObjects (0ms)
			CreateAndSetChildDomain (0ms)
		EndReloadAssembly (250ms)
			LoadAssemblies (24ms)
			RebuildTransferFunctionScriptingTraits (0ms)
			SetupTypeCache (62ms)
			ReleaseScriptCaches (0ms)
			RebuildScriptCaches (18ms)
			SetupLoadedEditorAssemblies (145ms)
				LogAssemblyErrors (0ms)
				InitializePlatformSupportModulesInManaged (7ms)
				SetLoadedEditorAssemblies (0ms)
				RefreshPlugins (36ms)
				BeforeProcessingInitializeOnLoad (1ms)
				ProcessInitializeOnLoadAttributes (78ms)
				ProcessInitializeOnLoadMethodAttributes (24ms)
				AfterProcessingInitializeOnLoad (0ms)
				EditorAssembliesLoaded (0ms)
			ExecutionOrderSort2 (0ms)
			AwakeInstancesAfterBackupRestoration (0ms)
Platform modules already initialized, skipping
Registering precompiled user dll's ...
Registered in 0.000442 seconds.
Begin MonoManager ReloadAssembly
Native extension for WindowsStandalone target not found
Native extension for OSXStandalone target not found
Refreshing native plugins compatible for Editor in 35.20 ms, found 1 plugins.
Preloading 0 native plugins for Editor in 0.00 ms.
Mono: successfully reloaded assembly
- Completed reload, in  1.050 seconds
Domain Reload Profiling:
	ReloadAssembly (1050ms)
		BeginReloadAssembly (48ms)
			ExecutionOrderSort (0ms)
			DisableScriptedObjects (3ms)
			BackupInstance (0ms)
			ReleaseScriptingObjects (0ms)
			CreateAndSetChildDomain (11ms)
		EndReloadAssembly (949ms)
			LoadAssemblies (22ms)
			RebuildTransferFunctionScriptingTraits (0ms)
			SetupTypeCache (101ms)
			ReleaseScriptCaches (0ms)
			RebuildScriptCaches (30ms)
			SetupLoadedEditorAssemblies (765ms)
				LogAssemblyErrors (0ms)
				InitializePlatformSupportModulesInManaged (4ms)
				SetLoadedEditorAssemblies (0ms)
				RefreshPlugins (35ms)
				BeforeProcessingInitializeOnLoad (42ms)
				ProcessInitializeOnLoadAttributes (643ms)
				ProcessInitializeOnLoadMethodAttributes (40ms)
				AfterProcessingInitializeOnLoad (1ms)
				EditorAssembliesLoaded (0ms)
			ExecutionOrderSort2 (0ms)
			AwakeInstancesAfterBackupRestoration (2ms)
Platform modules already initialized, skipping
========================================================================
Worker process is ready to serve import requests
Launching external process: /Applications/Unity/Hub/Editor/2021.2.11f1/Unity.app/Contents/Tools/UnityShaderCompiler
Launched and connected shader compiler UnityShaderCompiler after 0.04 seconds
Refreshing native plugins compatible for Editor in 0.37 ms, found 1 plugins.
Preloading 0 native plugins for Editor in 0.00 ms.
Unloading 3191 Unused Serialized files (Serialized files now loaded: 0)
Unloading 23 unused Assets / (0.8 MB). Loaded Objects now: 3655.
Memory consumption went from 251.9 MB to 251.1 MB.
Total: 2.499541 ms (FindLiveObjects: 0.099000 ms CreateObjectMapping: 0.036542 ms MarkObjects: 2.160416 ms  DeleteObjects: 0.202875 ms)

AssetImportParameters requested are different than current active one (requested -> active):
  custom:video-decoder-ogg-theora: a1e56fd34408186e4bbccfd4996cb3dc -> 
  custom:container-muxer-webm: aa71ff27fc2769a1b78a27578f13a17b -> 
  custom:container-demuxer-webm: 4f35f7cbe854078d1ac9338744f61a02 -> 
  custom:video-encoder-webm-vp8: eb34c28f22e8b96e1ab97ce403110664 -> 
  custom:framework-osx-AVFoundation: e770b220cccbd017edd2c1fefb359320 -> 
  custom:audio-encoder-webm-vorbis: bf7c407c2cedff20999df2af8eb42d56 -> 
  custom:container-demuxer-ogg: 62fdf1f143b41e24485cea50d1cbac27 -> 
  custom:video-decoder-webm-vp8: 9c59270c3fd7afecdb556c50c9e8de78 -> 
  custom:audio-decoder-ogg-vorbis: bf7c407c2cedff20999df2af8eb42d56 -> 
========================================================================
Received Import Request.
  Time since last request: 7525.725040 seconds.
  path: Assets/Generated/Temperature.png
  artifactKey: Guid(da4f15bf1afded947a7402a05b66d907) Importer(815301076,1909f56bfc062723c751e8b465ee728b)
Start importing Assets/Generated/Temperature.png using Guid(da4f15bf1afded947a7402a05b66d907) Importer(815301076,1909f56bfc062723c751e8b465ee728b)  -> (artifact id: '3d1f831149b1901e51c81386c3fb208d') in 0.322425 seconds 
========================================================================
Received Import Request.
  Time since last request: 0.000090 seconds.
  path: Assets/Generated/HeightMap.png
  artifactKey: Guid(65863225095a8854b9ddb0ba0577f3c9) Importer(815301076,1909f56bfc062723c751e8b465ee728b)
Start importing Assets/Generated/HeightMap.png using Guid(65863225095a8854b9ddb0ba0577f3c9) Importer(815301076,1909f56bfc062723c751e8b465ee728b)  -> (artifact id: 'e39c2f3bf23e5ca6813b20967d8e2711') in 0.012446 seconds 
========================================================================
Received Import Request.
  Time since last request: 0.000076 seconds.
  path: Assets/Materials/p.mat
  artifactKey: Guid(874cb7a419a08284bac490e401f35d2c) Importer(815301076,1909f56bfc062723c751e8b465ee728b)
Start importing Assets/Materials/p.mat using Guid(874cb7a419a08284bac490e401f35d2c) Importer(815301076,1909f56bfc062723c751e8b465ee728b)  -> (artifact id: '7c3b5b59b8d4997802e14b35cb7af530') in 0.141803 seconds 
========================================================================
Received Import Request.
  Time since last request: 0.000063 seconds.
  path: Assets/Generated/Humidity.png
  artifactKey: Guid(cd6a98fc5df16784498890c75ca9ae80) Importer(815301076,1909f56bfc062723c751e8b465ee728b)
Start importing Assets/Generated/Humidity.png using Guid(cd6a98fc5df16784498890c75ca9ae80) Importer(815301076,1909f56bfc062723c751e8b465ee728b)  -> (artifact id: '8227775d8030679b4f898ffc327fdf6b') in 0.011407 seconds 
========================================================================
Received Import Request.
  Time since last request: 0.000044 seconds.
  path: Assets/Generated/Altitude.png
  artifactKey: Guid(3bc0d25aac2c03d47a96f58a4b93ca94) Importer(815301076,1909f56bfc062723c751e8b465ee728b)
Start importing Assets/Generated/Altitude.png using Guid(3bc0d25aac2c03d47a96f58a4b93ca94) Importer(815301076,1909f56bfc062723c751e8b465ee728b)  -> (artifact id: '86c851ed93b15e355f51df3592f4a7cc') in 0.011453 seconds 
========================================================================
Received Import Request.
  Time since last request: 0.000070 seconds.
  path: Assets/Generated/Elevation.png
  artifactKey: Guid(96d64db6ebc2cc842b75dccf45965acb) Importer(815301076,1909f56bfc062723c751e8b465ee728b)
Start importing Assets/Generated/Elevation.png using Guid(96d64db6ebc2cc842b75dccf45965acb) Importer(815301076,1909f56bfc062723c751e8b465ee728b)  -> (artifact id: '88ce7eac0a8b35ead80ac0358122fb71') in 0.011516 seconds 
========================================================================
Received Import Request.
  Time since last request: 0.000074 seconds.
  path: Assets/Generated/unknown.png
  artifactKey: Guid(2de2fe7e1956e4414b72f1f12cee8d96) Importer(815301076,1909f56bfc062723c751e8b465ee728b)
Start importing Assets/Generated/unknown.png using Guid(2de2fe7e1956e4414b72f1f12cee8d96) Importer(815301076,1909f56bfc062723c751e8b465ee728b)  -> (artifact id: '2eaf03bd90eba3b35a780e7dd47b27e9') in 0.004193 seconds 
========================================================================
Received Import Request.
  Time since last request: 0.000045 seconds.
  path: Assets/Generated/Proximity.png
  artifactKey: Guid(1d2a95d2543085e4e937f639e691c7da) Importer(815301076,1909f56bfc062723c751e8b465ee728b)
Start importing Assets/Generated/Proximity.png using Guid(1d2a95d2543085e4e937f639e691c7da) Importer(815301076,1909f56bfc062723c751e8b465ee728b)  -> (artifact id: '6604039c61b29df4410246db2e941675') in 0.011315 seconds 
